2025-09-27 20:45:36,437 - INFO - === STARTING GUROBI GAME THEORY SIMULATION ===
2025-09-27 20:45:36,438 - INFO - Testing Subsidies: [  0  50 100]
2025-09-27 20:45:36,438 - INFO - Testing Pricing Mechanisms: ['optimized']
2025-09-27 20:45:36,438 - INFO - Game Theory Analysis: Enabled
2025-09-27 20:45:36,518 - INFO - Current state validation complete. All constraints satisfied.
2025-09-27 20:45:36,518 - INFO - Running Gurobi optimization with pricing mechanism: optimized
2025-09-27 20:45:36,522 - INFO - Set parameter Username
2025-09-27 20:45:36,522 - INFO - Set parameter LicenseID to value 2692892
2025-09-27 20:45:36,525 - INFO - Academic license - for non-commercial use only - expires 2026-07-31
2025-09-27 20:45:41,620 - INFO - Starting game theory analysis for 3 terminals (7 coalitions)
2025-09-27 20:45:41,620 - INFO - Calculating characteristic function for 7 coalitions...
2025-09-27 20:45:47,681 - INFO - Current state validation complete. All constraints satisfied.
2025-09-27 20:45:47,681 - INFO - Running Gurobi optimization with pricing mechanism: optimized
2025-09-27 20:45:51,242 - WARNING - Coalition optimization failed with status: 11
2025-09-27 20:45:51,260 - ERROR - Grand coalition optimization failed
2025-09-27 20:45:51,274 - INFO - Current state validation complete. All constraints satisfied.
2025-09-27 20:45:51,274 - INFO - Running Gurobi optimization with pricing mechanism: optimized
2025-09-27 20:46:23,161 - INFO - === STARTING GUROBI GAME THEORY SIMULATION ===
2025-09-27 20:46:23,162 - INFO - Testing Subsidies: [  0  50 100]
2025-09-27 20:46:23,162 - INFO - Testing Pricing Mechanisms: ['optimized']
2025-09-27 20:46:23,162 - INFO - Game Theory Analysis: Enabled
2025-09-27 20:46:23,173 - INFO - Current state validation complete. All constraints satisfied.
2025-09-27 20:46:23,173 - INFO - Running Gurobi optimization with pricing mechanism: optimized
2025-09-27 20:46:23,175 - INFO - Set parameter Username
2025-09-27 20:46:23,175 - INFO - Set parameter LicenseID to value 2692892
2025-09-27 20:46:23,178 - INFO - Academic license - for non-commercial use only - expires 2026-07-31
2025-09-27 20:46:29,230 - INFO - Starting game theory analysis for 3 terminals (7 coalitions)
2025-09-27 20:46:29,231 - INFO - Calculating characteristic function for 7 coalitions...
2025-09-27 20:46:34,614 - INFO - Current state validation complete. All constraints satisfied.
2025-09-27 20:46:34,614 - INFO - Running Gurobi optimization with pricing mechanism: optimized
2025-09-27 20:46:39,979 - INFO - Checking Core membership...
2025-09-27 20:46:39,979 - INFO - Calculating Shapley values...
2025-09-27 20:46:39,979 - INFO - Calculating Shapley values...
2025-09-27 20:46:39,991 - INFO - Current state validation complete. All constraints satisfied.
2025-09-27 20:46:39,992 - INFO - Running Gurobi optimization with pricing mechanism: optimized
2025-09-27 20:46:44,787 - INFO - Starting game theory analysis for 3 terminals (7 coalitions)
2025-09-27 20:46:44,787 - INFO - Calculating characteristic function for 7 coalitions...
2025-09-27 20:46:51,000 - INFO - Current state validation complete. All constraints satisfied.
2025-09-27 20:46:51,000 - INFO - Running Gurobi optimization with pricing mechanism: optimized
2025-09-27 20:46:57,128 - INFO - Checking Core membership...
2025-09-27 20:46:57,129 - INFO - Calculating Shapley values...
2025-09-27 20:46:57,129 - INFO - Calculating Shapley values...
2025-09-27 20:46:57,138 - INFO - Current state validation complete. All constraints satisfied.
2025-09-27 20:46:57,138 - INFO - Running Gurobi optimization with pricing mechanism: optimized
2025-09-27 20:47:03,200 - INFO - Starting game theory analysis for 3 terminals (7 coalitions)
2025-09-27 20:47:03,200 - INFO - Calculating characteristic function for 7 coalitions...
2025-09-27 20:47:14,478 - INFO - Current state validation complete. All constraints satisfied.
2025-09-27 20:47:14,478 - INFO - Running Gurobi optimization with pricing mechanism: optimized
2025-09-27 20:47:22,107 - INFO - Checking Core membership...
2025-09-27 20:47:22,110 - INFO - Calculating Shapley values...
2025-09-27 20:47:22,113 - INFO - Calculating Shapley values...
2025-09-27 20:47:22,128 - INFO - Current state validation complete. All constraints satisfied.
2025-09-27 20:47:22,128 - INFO - Running Gurobi optimization with pricing mechanism: optimized
2025-09-27 20:47:30,202 - INFO - Starting game theory analysis for 3 terminals (7 coalitions)
2025-09-27 20:47:30,203 - INFO - Calculating characteristic function for 7 coalitions...
2025-09-27 20:47:39,649 - INFO - Current state validation complete. All constraints satisfied.
2025-09-27 20:47:39,649 - INFO - Running Gurobi optimization with pricing mechanism: optimized
2025-09-27 20:47:46,291 - INFO - Checking Core membership...
2025-09-27 20:47:46,291 - INFO - Calculating Shapley values...
2025-09-27 20:47:46,291 - INFO - Calculating Shapley values...
2025-09-27 20:47:46,307 - INFO - Current state validation complete. All constraints satisfied.
2025-09-27 20:47:46,308 - INFO - Running Gurobi optimization with pricing mechanism: optimized
2025-09-27 20:47:56,023 - INFO - Starting game theory analysis for 3 terminals (7 coalitions)
2025-09-27 20:47:56,024 - INFO - Calculating characteristic function for 7 coalitions...
2025-09-27 20:48:03,251 - INFO - Current state validation complete. All constraints satisfied.
2025-09-27 20:48:03,252 - INFO - Running Gurobi optimization with pricing mechanism: optimized
2025-09-27 20:48:12,750 - INFO - Checking Core membership...
2025-09-27 20:48:12,751 - INFO - Calculating Shapley values...
2025-09-27 20:48:12,751 - INFO - Calculating Shapley values...
2025-09-27 20:48:12,762 - INFO - Current state validation complete. All constraints satisfied.
2025-09-27 20:48:12,763 - INFO - Running Gurobi optimization with pricing mechanism: optimized
2025-09-27 20:48:18,888 - INFO - Starting game theory analysis for 3 terminals (7 coalitions)
2025-09-27 20:48:18,888 - INFO - Calculating characteristic function for 7 coalitions...
2025-09-27 20:48:30,512 - INFO - Current state validation complete. All constraints satisfied.
2025-09-27 20:48:30,512 - INFO - Running Gurobi optimization with pricing mechanism: optimized
2025-09-27 20:48:38,266 - INFO - Checking Core membership...
2025-09-27 20:48:38,266 - INFO - Calculating Shapley values...
2025-09-27 20:48:38,266 - INFO - Calculating Shapley values...
2025-09-27 20:48:38,286 - INFO - Current state validation complete. All constraints satisfied.
2025-09-27 20:48:38,286 - INFO - Running Gurobi optimization with pricing mechanism: optimized
2025-09-27 20:48:46,361 - INFO - Starting game theory analysis for 3 terminals (7 coalitions)
2025-09-27 20:48:46,361 - INFO - Calculating characteristic function for 7 coalitions...
2025-09-27 20:48:52,500 - WARNING - Coalition optimization failed with status: 11
2025-09-27 20:48:52,518 - INFO - Current state validation complete. All constraints satisfied.
2025-09-27 20:48:52,518 - INFO - Running Gurobi optimization with pricing mechanism: optimized
